0 info it worked if it ends with ok
1 verbose cli [ 'C:\\Program Files\\nodejs\\node.exe',
1 verbose cli   'C:\\Program Files\\nodejs\\node_modules\\npm\\bin\\npm-cli.js',
1 verbose cli   'run',
1 verbose cli   'buildandrun' ]
2 info using npm@3.10.10
3 info using node@v6.11.2
4 verbose run-script [ 'prebuildandrun', 'buildandrun', 'postbuildandrun' ]
5 info lifecycle total-health-track-app@0.0.0~prebuildandrun: total-health-track-app@0.0.0
6 silly lifecycle total-health-track-app@0.0.0~prebuildandrun: no script for prebuildandrun, continuing
7 info lifecycle total-health-track-app@0.0.0~buildandrun: total-health-track-app@0.0.0
8 verbose lifecycle total-health-track-app@0.0.0~buildandrun: unsafe-perm in lifecycle true
9 verbose lifecycle total-health-track-app@0.0.0~buildandrun: PATH: C:\Program Files\nodejs\node_modules\npm\bin\node-gyp-bin;C:\Users\IBM_ADMIN\Projects\total-health-track-app\node_modules\.bin;C:\windows\system32;C:\windows;C:\windows\System32\Wbem;C:\windows\System32\WindowsPowerShell\v1.0\;C:\Program Files\IBM\Infoprint Select;C:\Program Files\ThinkPad\Bluetooth Software\;C:\Program Files\ThinkPad\Bluetooth Software\syswow64;C:\Program Files\Broadcom\WHL\;C:\Program Files\Broadcom\WHL\syswow64;C:\Program Files\Broadcom\WHL\SysWow64\;C:\Program Files\Broadcom\WHL\SysWow64\syswow64;C:\Program Files\Intel\WiFi\bin\;C:\Program Files\Common Files\Intel\WirelessCommon\;C:\Program Files (x86)\QuickTime\QTSystem\;C:\Program Files\TortoiseGit\bin;C:\Program Files\TortoiseSVN\bin;C:\Program Files\apache-maven-3.1.1\bin;C:\Program Files (x86)\cURL\bin;C:\Program Files (x86)\Skype\Phone\;C:\Program Files\Git\cmd;C:\Users\IBM_ADMIN\.dnx\bin;C:\Program Files\Microsoft DNX\Dnvm\;C:\Program Files\Microsoft SQL Server\130\Tools\Binn\;C:\Program Files\IBM\Bluemix\bin;C:\Program Files\CloudFoundry;C:\Program Files\nodejs\;C:\Users\IBM_ADMIN\AppData\Local\Programs\Python\Python36-32\Scripts\;C:\Users\IBM_ADMIN\AppData\Local\Programs\Python\Python36-32\;C:\Program Files\Intel\WiFi\bin\;C:\Program Files\Common Files\Intel\WirelessCommon\;C:\Program Files\apache-maven-3.1.1\bin;C:\Users\IBM_ADMIN\AppData\Roaming\npm;C:\Program Files\Microsoft VS Code\bin;C:\Users\IBM_ADMIN\AppData\Local\Box\Box Edit\
10 verbose lifecycle total-health-track-app@0.0.0~buildandrun: CWD: C:\Users\IBM_ADMIN\Projects\total-health-track-app
11 silly lifecycle total-health-track-app@0.0.0~buildandrun: Args: [ '/d /s /c', 'ng build && node server.js' ]
12 verbose stack Error: kill ENOSYS
12 verbose stack     at exports._errnoException (util.js:1020:11)
12 verbose stack     at process.kill (internal/process.js:190:13)
12 verbose stack     at process.listener (C:\Program Files\nodejs\node_modules\npm\node_modules\npmlog\node_modules\gauge\node_modules\signal-exit\index.js:86:15)
12 verbose stack     at emitNone (events.js:91:20)
12 verbose stack     at process.emit (events.js:185:7)
12 verbose stack     at processEmit (C:\Program Files\nodejs\node_modules\npm\node_modules\npmlog\node_modules\gauge\node_modules\signal-exit\index.js:146:32)
12 verbose stack     at processEmit (C:\Program Files\nodejs\node_modules\npm\node_modules\npm-registry-client\node_modules\npmlog\node_modules\gauge\node_modules\signal-exit\index.js:146:32)
12 verbose stack     at Signal.wrap.onsignal (internal/process.js:217:44)
13 verbose cwd C:\Users\IBM_ADMIN\Projects\total-health-track-app
14 error Windows_NT 6.1.7601
15 error argv "C:\\Program Files\\nodejs\\node.exe" "C:\\Program Files\\nodejs\\node_modules\\npm\\bin\\npm-cli.js" "run" "buildandrun"
16 error node v6.11.2
17 error npm  v3.10.10
18 error code ENOSYS
19 error errno ENOSYS
20 error syscall kill
21 error kill ENOSYS
22 error If you need help, you may report this error at:
22 error     <https://github.com/npm/npm/issues>
23 verbose exit [ 1, true ]
